<?xml version="1.0" encoding="UTF-8"?>
<!-- Generated by org.testng.reporters.JUnitXMLReporter -->
<testsuite ignored="0" hostname="Abhijits-MBP" failures="0" tests="10" name="Surefire test" time="16.697" errors="0" timestamp="2025-01-23T21:09:46 IST">
  <testcase classname="api.tests.UserTests" name="testCreateUser" time="2.536"/>
  <testcase classname="api.tests.UserTests" name="getUserByUserName" time="1.421"/>
  <testcase classname="api.tests.UserTests" name="updateUserByUserName" time="2.613"/>
  <testcase classname="api.tests.UserTests" name="deleteUser" time="1.274"/>
  <testcase classname="api.tests.DDTests" name="testPostUser" time="1.313"/>
  <testcase classname="api.tests.DDTests" name="testPostUser" time="1.285"/>
  <testcase classname="api.tests.DDTests" name="testPostUser" time="1.175"/>
  <testcase classname="api.tests.DDTests" name="deleteUserByUsername" time="1.219"/>
  <testcase classname="api.tests.DDTests" name="deleteUserByUsername" time="1.3"/>
  <testcase classname="api.tests.DDTests" name="deleteUserByUsername" time="1.358"/>
</testsuite> <!-- Surefire test -->
