<?xml version="1.0" encoding="UTF-8"?>
<testng-results ignored="0" total="10" passed="10" failed="0" skipped="0">
  <reporter-output>
  </reporter-output>
  <suite started-at="2025-01-23T21:09:29 IST" name="Surefire suite" finished-at="2025-01-23T21:09:46 IST" duration-ms="16697">
    <groups>
    </groups>
    <test started-at="2025-01-23T21:09:29 IST" name="Surefire test" finished-at="2025-01-23T21:09:46 IST" duration-ms="16697">
      <class name="api.tests.UserTests">
        <test-method is-config="true" signature="setUpData()[pri:0, instance:api.tests.UserTests@37e547da]" started-at="2025-01-23T21:09:29 IST" name="setUpData" finished-at="2025-01-23T21:09:29 IST" duration-ms="508" status="PASS">
          <reporter-output>
          </reporter-output>
        </test-method> <!-- setUpData -->
        <test-method signature="testCreateUser()[pri:1, instance:api.tests.UserTests@37e547da]" started-at="2025-01-23T21:09:29 IST" name="testCreateUser" finished-at="2025-01-23T21:09:32 IST" duration-ms="2536" status="PASS">
          <reporter-output>
          </reporter-output>
        </test-method> <!-- testCreateUser -->
        <test-method signature="getUserByUserName()[pri:2, instance:api.tests.UserTests@37e547da]" started-at="2025-01-23T21:09:32 IST" name="getUserByUserName" finished-at="2025-01-23T21:09:33 IST" duration-ms="1421" status="PASS">
          <reporter-output>
          </reporter-output>
        </test-method> <!-- getUserByUserName -->
        <test-method signature="updateUserByUserName()[pri:3, instance:api.tests.UserTests@37e547da]" started-at="2025-01-23T21:09:33 IST" name="updateUserByUserName" finished-at="2025-01-23T21:09:36 IST" duration-ms="2613" status="PASS">
          <reporter-output>
          </reporter-output>
        </test-method> <!-- updateUserByUserName -->
        <test-method signature="deleteUser()[pri:4, instance:api.tests.UserTests@37e547da]" started-at="2025-01-23T21:09:36 IST" name="deleteUser" finished-at="2025-01-23T21:09:37 IST" duration-ms="1274" status="PASS">
          <reporter-output>
          </reporter-output>
        </test-method> <!-- deleteUser -->
      </class> <!-- api.tests.UserTests -->
      <class name="api.tests.DDTests">
        <test-method signature="testPostUser(java.lang.String,java.lang.String,java.lang.String,java.lang.String,java.lang.String,java.lang.String,java.lang.String)[pri:1, instance:api.tests.DDTests@60611244]" started-at="2025-01-23T21:09:38 IST" name="testPostUser" data-provider="Data" finished-at="2025-01-23T21:09:39 IST" duration-ms="1313" status="PASS">
          <params>
            <param index="0">
              <value>
                <![CDATA[1]]>
              </value>
            </param>
            <param index="1">
              <value>
                <![CDATA[abhijit]]>
              </value>
            </param>
            <param index="2">
              <value>
                <![CDATA[Abhijit]]>
              </value>
            </param>
            <param index="3">
              <value>
                <![CDATA[Test]]>
              </value>
            </param>
            <param index="4">
              <value>
                <![CDATA[123@test.com]]>
              </value>
            </param>
            <param index="5">
              <value>
                <![CDATA[Abhijit@123]]>
              </value>
            </param>
            <param index="6">
              <value>
                <![CDATA[5555555501]]>
              </value>
            </param>
          </params>
          <reporter-output>
          </reporter-output>
        </test-method> <!-- testPostUser -->
        <test-method signature="testPostUser(java.lang.String,java.lang.String,java.lang.String,java.lang.String,java.lang.String,java.lang.String,java.lang.String)[pri:1, instance:api.tests.DDTests@60611244]" started-at="2025-01-23T21:09:39 IST" name="testPostUser" data-provider="Data" finished-at="2025-01-23T21:09:40 IST" duration-ms="1285" status="PASS">
          <params>
            <param index="0">
              <value>
                <![CDATA[2]]>
              </value>
            </param>
            <param index="1">
              <value>
                <![CDATA[abhijit1]]>
              </value>
            </param>
            <param index="2">
              <value>
                <![CDATA[Suman]]>
              </value>
            </param>
            <param index="3">
              <value>
                <![CDATA[dol]]>
              </value>
            </param>
            <param index="4">
              <value>
                <![CDATA[dol@test.com]]>
              </value>
            </param>
            <param index="5">
              <value>
                <![CDATA[Suman!123]]>
              </value>
            </param>
            <param index="6">
              <value>
                <![CDATA[5555555502]]>
              </value>
            </param>
          </params>
          <reporter-output>
          </reporter-output>
        </test-method> <!-- testPostUser -->
        <test-method signature="testPostUser(java.lang.String,java.lang.String,java.lang.String,java.lang.String,java.lang.String,java.lang.String,java.lang.String)[pri:1, instance:api.tests.DDTests@60611244]" started-at="2025-01-23T21:09:40 IST" name="testPostUser" data-provider="Data" finished-at="2025-01-23T21:09:42 IST" duration-ms="1175" status="PASS">
          <params>
            <param index="0">
              <value>
                <![CDATA[3]]>
              </value>
            </param>
            <param index="1">
              <value>
                <![CDATA[abhijit2]]>
              </value>
            </param>
            <param index="2">
              <value>
                <![CDATA[Surat]]>
              </value>
            </param>
            <param index="3">
              <value>
                <![CDATA[dump]]>
              </value>
            </param>
            <param index="4">
              <value>
                <![CDATA[dump@test.com]]>
              </value>
            </param>
            <param index="5">
              <value>
                <![CDATA[Surat@123]]>
              </value>
            </param>
            <param index="6">
              <value>
                <![CDATA[5555555503]]>
              </value>
            </param>
          </params>
          <reporter-output>
          </reporter-output>
        </test-method> <!-- testPostUser -->
        <test-method signature="deleteUserByUsername(java.lang.String)[pri:2, instance:api.tests.DDTests@60611244]" started-at="2025-01-23T21:09:42 IST" name="deleteUserByUsername" data-provider="UserNames" finished-at="2025-01-23T21:09:43 IST" duration-ms="1219" status="PASS">
          <params>
            <param index="0">
              <value>
                <![CDATA[abhijit]]>
              </value>
            </param>
          </params>
          <reporter-output>
          </reporter-output>
        </test-method> <!-- deleteUserByUsername -->
        <test-method signature="deleteUserByUsername(java.lang.String)[pri:2, instance:api.tests.DDTests@60611244]" started-at="2025-01-23T21:09:43 IST" name="deleteUserByUsername" data-provider="UserNames" finished-at="2025-01-23T21:09:44 IST" duration-ms="1300" status="PASS">
          <params>
            <param index="0">
              <value>
                <![CDATA[abhijit1]]>
              </value>
            </param>
          </params>
          <reporter-output>
          </reporter-output>
        </test-method> <!-- deleteUserByUsername -->
        <test-method signature="deleteUserByUsername(java.lang.String)[pri:2, instance:api.tests.DDTests@60611244]" started-at="2025-01-23T21:09:44 IST" name="deleteUserByUsername" data-provider="UserNames" finished-at="2025-01-23T21:09:46 IST" duration-ms="1358" status="PASS">
          <params>
            <param index="0">
              <value>
                <![CDATA[abhijit2]]>
              </value>
            </param>
          </params>
          <reporter-output>
          </reporter-output>
        </test-method> <!-- deleteUserByUsername -->
      </class> <!-- api.tests.DDTests -->
    </test> <!-- Surefire test -->
  </suite> <!-- Surefire suite -->
</testng-results>
