<?xml version="1.0" encoding="UTF-8"?>
<testsuite xmlns:xsi="http://www.w3.org/2001/XMLSchema-instance" xsi:noNamespaceSchemaLocation="https://maven.apache.org/surefire/maven-surefire-plugin/xsd/surefire-test-report.xsd" version="3.0.2" name="TestSuite" time="17.615" tests="10" errors="0" skipped="0" failures="1">
  <properties>
[...]
</properties>
  <testcase name="testCreateUser" classname="api.tests.UserTests" time="2.534">
    <system-out><![CDATA[Request method:	POST
Request URI:	https://petstore.swagger.io/v2/user
Proxy:			<none>
Request params:	<none>
Query params:	<none>
Form params:	<none>
Path params:	<none>
Headers:		Accept=application/JSON
				Content-Type=application/JSON
Cookies:		<none>
Multiparts:		<none>
Body:
{
    "id": 2012993836,
    "username": "patrick.goldner",
    "firstName": "Una",
    "lastName": "Koepp",
    "email": "jon.borer@example.com",
    "password": "2z7wi0",
    "phone": "(024) 154-7366",
    "userStatus": 0
}
HTTP/1.1 200 OK
Date: Thu, 23 Jan 2025 01:03:46 GMT
Content-Type: application/json
Transfer-Encoding: chunked
Connection: keep-alive
Access-Control-Allow-Origin: *
Access-Control-Allow-Methods: GET, POST, DELETE, PUT
Access-Control-Allow-Headers: Content-Type, api_key, Authorization
Server: Jetty(9.2.9.v20150224)

{
    "code": 200,
    "type": "unknown",
    "message": "2012993836"
}
]]></system-out>
    <system-err><![CDATA[SLF4J: Failed to load class "org.slf4j.impl.StaticLoggerBinder".
SLF4J: Defaulting to no-operation (NOP) logger implementation
SLF4J: See http://www.slf4j.org/codes.html#StaticLoggerBinder for further details.
]]></system-err>
  </testcase>
  <testcase name="getUserByUserName" classname="api.tests.UserTests" time="1.301">
    <system-out><![CDATA[Request method:	GET
Request URI:	https://petstore.swagger.io/v2/user/patrick.goldner
Proxy:			<none>
Request params:	<none>
Query params:	<none>
Form params:	<none>
Path params:	userName=patrick.goldner
Headers:		Accept=*/*
Cookies:		<none>
Multiparts:		<none>
Body:			<none>
HTTP/1.1 200 OK
Date: Thu, 23 Jan 2025 01:03:47 GMT
Content-Type: application/json
Transfer-Encoding: chunked
Connection: keep-alive
Access-Control-Allow-Origin: *
Access-Control-Allow-Methods: GET, POST, DELETE, PUT
Access-Control-Allow-Headers: Content-Type, api_key, Authorization
Server: Jetty(9.2.9.v20150224)

{
    "id": 2012993836,
    "username": "patrick.goldner",
    "firstName": "Una",
    "lastName": "Koepp",
    "email": "jon.borer@example.com",
    "password": "2z7wi0",
    "phone": "(024) 154-7366",
    "userStatus": 0
}
]]></system-out>
  </testcase>
  <testcase name="updateUserByUserName" classname="api.tests.UserTests" time="2.659">
    <system-out><![CDATA[Request method:	PUT
Request URI:	https://petstore.swagger.io/v2/user/patrick.goldner
Proxy:			<none>
Request params:	<none>
Query params:	<none>
Form params:	<none>
Path params:	userName=patrick.goldner
Headers:		Accept=application/JSON
				Content-Type=application/JSON
Cookies:		<none>
Multiparts:		<none>
Body:
{
    "id": 2012993836,
    "username": "patrick.goldner",
    "firstName": "Hilary",
    "lastName": "Hettinger",
    "email": "deedra.mclaughlin@example.com",
    "password": "2z7wi0",
    "phone": "(024) 154-7366",
    "userStatus": 0
}
HTTP/1.1 200 OK
Date: Thu, 23 Jan 2025 01:03:49 GMT
Content-Type: application/json
Transfer-Encoding: chunked
Connection: keep-alive
Access-Control-Allow-Origin: *
Access-Control-Allow-Methods: GET, POST, DELETE, PUT
Access-Control-Allow-Headers: Content-Type, api_key, Authorization
Server: Jetty(9.2.9.v20150224)

{
    "code": 200,
    "type": "unknown",
    "message": "2012993836"
}
{
    "code": 200,
    "type": "unknown",
    "message": "2012993836"
}
Request method:	GET
Request URI:	https://petstore.swagger.io/v2/user/patrick.goldner
Proxy:			<none>
Request params:	<none>
Query params:	<none>
Form params:	<none>
Path params:	userName=patrick.goldner
Headers:		Accept=*/*
Cookies:		<none>
Multiparts:		<none>
Body:			<none>
HTTP/1.1 200 OK
Date: Thu, 23 Jan 2025 01:03:49 GMT
Content-Type: application/json
Transfer-Encoding: chunked
Connection: keep-alive
Access-Control-Allow-Origin: *
Access-Control-Allow-Methods: GET, POST, DELETE, PUT
Access-Control-Allow-Headers: Content-Type, api_key, Authorization
Server: Jetty(9.2.9.v20150224)

{
    "code": 200,
    "type": "unknown",
    "message": "2012993836"
}
]]></system-out>
  </testcase>
  <testcase name="deleteUser" classname="api.tests.UserTests" time="1.362">
    <system-out><![CDATA[Request method:	DELETE
Request URI:	https://petstore.swagger.io/v2/user/patrick.goldner
Proxy:			<none>
Request params:	<none>
Query params:	<none>
Form params:	<none>
Path params:	userName=patrick.goldner
Headers:		Accept=*/*
Cookies:		<none>
Multiparts:		<none>
Body:			<none>
HTTP/1.1 200 OK
Date: Thu, 23 Jan 2025 01:03:51 GMT
Content-Type: application/json
Transfer-Encoding: chunked
Connection: keep-alive
Access-Control-Allow-Origin: *
Access-Control-Allow-Methods: GET, POST, DELETE, PUT
Access-Control-Allow-Headers: Content-Type, api_key, Authorization
Server: Jetty(9.2.9.v20150224)

{
    "code": 200,
    "type": "unknown",
    "message": "patrick.goldner"
}
]]></system-out>
  </testcase>
  <testcase name="testPostUser[1, abhijit, Abhijit, Test, 123@test.com, Abhijit@123, 5555555501](1)" classname="api.tests.DDTests" time="1.275">
    <system-out><![CDATA[Request method:	POST
Request URI:	https://petstore.swagger.io/v2/user
Proxy:			<none>
Request params:	<none>
Query params:	<none>
Form params:	<none>
Path params:	<none>
Headers:		Accept=application/JSON
				Content-Type=application/JSON
Cookies:		<none>
Multiparts:		<none>
Body:
{
    "id": 1,
    "username": "abhijit",
    "firstName": "Abhijit",
    "lastName": "Test",
    "email": "123@test.com",
    "password": "Abhijit@123",
    "phone": "5555555501",
    "userStatus": 0
}
]]></system-out>
  </testcase>
  <testcase name="testPostUser[2, abhijit1, Suman, dol, dol@test.com, Suman!123, 5555555502](2)" classname="api.tests.DDTests" time="1.533">
    <system-out><![CDATA[Request method:	POST
Request URI:	https://petstore.swagger.io/v2/user
Proxy:			<none>
Request params:	<none>
Query params:	<none>
Form params:	<none>
Path params:	<none>
Headers:		Accept=application/JSON
				Content-Type=application/JSON
Cookies:		<none>
Multiparts:		<none>
Body:
{
    "id": 2,
    "username": "abhijit1",
    "firstName": "Suman",
    "lastName": "dol",
    "email": "dol@test.com",
    "password": "Suman!123",
    "phone": "5555555502",
    "userStatus": 0
}
]]></system-out>
  </testcase>
  <testcase name="testPostUser[3, abhijit2, Surat, dump, dump@test.com, Surat@123, 5555555503](3)" classname="api.tests.DDTests" time="1.284">
    <system-out><![CDATA[Request method:	POST
Request URI:	https://petstore.swagger.io/v2/user
Proxy:			<none>
Request params:	<none>
Query params:	<none>
Form params:	<none>
Path params:	<none>
Headers:		Accept=application/JSON
				Content-Type=application/JSON
Cookies:		<none>
Multiparts:		<none>
Body:
{
    "id": 3,
    "username": "abhijit2",
    "firstName": "Surat",
    "lastName": "dump",
    "email": "dump@test.com",
    "password": "Surat@123",
    "phone": "5555555503",
    "userStatus": 0
}
]]></system-out>
  </testcase>
  <testcase name="deleteUserByUsername[abhijit](1)" classname="api.tests.DDTests" time="1.456">
    <failure message="expected [200] but found [404]" type="java.lang.AssertionError"><![CDATA[java.lang.AssertionError: expected [200] but found [404]
	at org.testng.Assert.fail(Assert.java:111)
	at org.testng.Assert.failNotEquals(Assert.java:1578)
	at org.testng.Assert.assertEqualsImpl(Assert.java:150)
	at org.testng.Assert.assertEquals(Assert.java:132)
	at org.testng.Assert.assertEquals(Assert.java:1419)
	at org.testng.Assert.assertEquals(Assert.java:1383)
	at org.testng.Assert.assertEquals(Assert.java:1429)
	at api.tests.DDTests.deleteUserByUsername(DDTests.java:34)
	at java.base/jdk.internal.reflect.NativeMethodAccessorImpl.invoke0(Native Method)
	at java.base/jdk.internal.reflect.NativeMethodAccessorImpl.invoke(NativeMethodAccessorImpl.java:64)
	at java.base/jdk.internal.reflect.DelegatingMethodAccessorImpl.invoke(DelegatingMethodAccessorImpl.java:43)
	at java.base/java.lang.reflect.Method.invoke(Method.java:564)
	at org.testng.internal.invokers.MethodInvocationHelper.invokeMethod(MethodInvocationHelper.java:139)
	at org.testng.internal.invokers.TestInvoker.invokeMethod(TestInvoker.java:664)
	at org.testng.internal.invokers.TestInvoker.invokeTestMethod(TestInvoker.java:227)
	at org.testng.internal.invokers.MethodRunner.runInSequence(MethodRunner.java:50)
	at org.testng.internal.invokers.TestInvoker$MethodInvocationAgent.invoke(TestInvoker.java:957)
	at org.testng.internal.invokers.TestInvoker.invokeTestMethods(TestInvoker.java:200)
	at org.testng.internal.invokers.TestMethodWorker.invokeTestMethods(TestMethodWorker.java:148)
	at org.testng.internal.invokers.TestMethodWorker.run(TestMethodWorker.java:128)
	at java.base/java.util.ArrayList.forEach(ArrayList.java:1511)
	at org.testng.TestRunner.privateRun(TestRunner.java:848)
	at org.testng.TestRunner.run(TestRunner.java:621)
	at org.testng.SuiteRunner.runTest(SuiteRunner.java:443)
	at org.testng.SuiteRunner.runSequentially(SuiteRunner.java:437)
	at org.testng.SuiteRunner.privateRun(SuiteRunner.java:397)
	at org.testng.SuiteRunner.run(SuiteRunner.java:336)
	at org.testng.SuiteRunnerWorker.runSuite(SuiteRunnerWorker.java:52)
	at org.testng.SuiteRunnerWorker.run(SuiteRunnerWorker.java:95)
	at org.testng.TestNG.runSuitesSequentially(TestNG.java:1280)
	at org.testng.TestNG.runSuitesLocally(TestNG.java:1200)
	at org.testng.TestNG.runSuites(TestNG.java:1114)
	at org.testng.TestNG.run(TestNG.java:1082)
	at org.apache.maven.surefire.testng.TestNGExecutor.run(TestNGExecutor.java:155)
	at org.apache.maven.surefire.testng.TestNGDirectoryTestSuite.executeMulti(TestNGDirectoryTestSuite.java:169)
	at org.apache.maven.surefire.testng.TestNGDirectoryTestSuite.execute(TestNGDirectoryTestSuite.java:88)
	at org.apache.maven.surefire.testng.TestNGProvider.invoke(TestNGProvider.java:137)
	at org.apache.maven.surefire.booter.ForkedBooter.runSuitesInProcess(ForkedBooter.java:385)
	at org.apache.maven.surefire.booter.ForkedBooter.execute(ForkedBooter.java:162)
	at org.apache.maven.surefire.booter.ForkedBooter.run(ForkedBooter.java:507)
	at org.apache.maven.surefire.booter.ForkedBooter.main(ForkedBooter.java:495)
]]></failure>
    <system-out><![CDATA[Request method:	DELETE
Request URI:	https://petstore.swagger.io/v2/user/abhijit
Proxy:			<none>
Request params:	<none>
Query params:	<none>
Form params:	<none>
Path params:	userName=abhijit
Headers:		Accept=*/*
Cookies:		<none>
Multiparts:		<none>
Body:			<none>
]]></system-out>
  </testcase>
  <testcase name="deleteUserByUsername[abhijit1](2)" classname="api.tests.DDTests" time="1.424">
    <system-out><![CDATA[Request method:	DELETE
Request URI:	https://petstore.swagger.io/v2/user/abhijit1
Proxy:			<none>
Request params:	<none>
Query params:	<none>
Form params:	<none>
Path params:	userName=abhijit1
Headers:		Accept=*/*
Cookies:		<none>
Multiparts:		<none>
Body:			<none>
]]></system-out>
  </testcase>
  <testcase name="deleteUserByUsername[abhijit2](3)" classname="api.tests.DDTests" time="1.342">
    <system-out><![CDATA[Request method:	DELETE
Request URI:	https://petstore.swagger.io/v2/user/abhijit2
Proxy:			<none>
Request params:	<none>
Query params:	<none>
Form params:	<none>
Path params:	userName=abhijit2
Headers:		Accept=*/*
Cookies:		<none>
Multiparts:		<none>
Body:			<none>
]]></system-out>
  </testcase>
</testsuite>