<?xml version="1.0" encoding="UTF-8"?>
<testsuite xmlns:xsi="http://www.w3.org/2001/XMLSchema-instance" xsi:noNamespaceSchemaLocation="https://maven.apache.org/surefire/maven-surefire-plugin/xsd/surefire-test-report.xsd" version="3.0.2" name="TestSuite" time="16.976" tests="10" errors="0" skipped="0" failures="0">
  <properties>
[...]
</properties>
  <testcase name="testCreateUser" classname="api.tests.UserTests" time="2.536">
    <system-out><![CDATA[Request method:	POST
Request URI:	https://petstore.swagger.io/v2/user
Proxy:			<none>
Request params:	<none>
Query params:	<none>
Form params:	<none>
Path params:	<none>
Headers:		Accept=application/JSON
				Content-Type=application/JSON
Cookies:		<none>
Multiparts:		<none>
Body:
{
    "id": 2012993836,
    "username": "britni.roob",
    "firstName": "Princess",
    "lastName": "Mueller",
    "email": "bradly.fay@example.com",
    "password": "3715ixdxq",
    "phone": "754.124.9126",
    "userStatus": 0
}
HTTP/1.1 200 OK
Date: Thu, 23 Jan 2025 15:39:32 GMT
Content-Type: application/json
Transfer-Encoding: chunked
Connection: keep-alive
Access-Control-Allow-Origin: *
Access-Control-Allow-Methods: GET, POST, DELETE, PUT
Access-Control-Allow-Headers: Content-Type, api_key, Authorization
Server: Jetty(9.2.9.v20150224)

{
    "code": 200,
    "type": "unknown",
    "message": "2012993836"
}
]]></system-out>
    <system-err><![CDATA[SLF4J: Failed to load class "org.slf4j.impl.StaticLoggerBinder".
SLF4J: Defaulting to no-operation (NOP) logger implementation
SLF4J: See http://www.slf4j.org/codes.html#StaticLoggerBinder for further details.
]]></system-err>
  </testcase>
  <testcase name="getUserByUserName" classname="api.tests.UserTests" time="1.421">
    <system-out><![CDATA[Request method:	GET
Request URI:	https://petstore.swagger.io/v2/user/britni.roob
Proxy:			<none>
Request params:	<none>
Query params:	<none>
Form params:	<none>
Path params:	userName=britni.roob
Headers:		Accept=*/*
Cookies:		<none>
Multiparts:		<none>
Body:			<none>
HTTP/1.1 200 OK
Date: Thu, 23 Jan 2025 15:39:33 GMT
Content-Type: application/json
Transfer-Encoding: chunked
Connection: keep-alive
Access-Control-Allow-Origin: *
Access-Control-Allow-Methods: GET, POST, DELETE, PUT
Access-Control-Allow-Headers: Content-Type, api_key, Authorization
Server: Jetty(9.2.9.v20150224)

{
    "id": 2012993836,
    "username": "britni.roob",
    "firstName": "Princess",
    "lastName": "Mueller",
    "email": "bradly.fay@example.com",
    "password": "3715ixdxq",
    "phone": "754.124.9126",
    "userStatus": 0
}
]]></system-out>
  </testcase>
  <testcase name="updateUserByUserName" classname="api.tests.UserTests" time="2.613">
    <system-out><![CDATA[Request method:	PUT
Request URI:	https://petstore.swagger.io/v2/user/britni.roob
Proxy:			<none>
Request params:	<none>
Query params:	<none>
Form params:	<none>
Path params:	userName=britni.roob
Headers:		Accept=application/JSON
				Content-Type=application/JSON
Cookies:		<none>
Multiparts:		<none>
Body:
{
    "id": 2012993836,
    "username": "britni.roob",
    "firstName": "Marilu",
    "lastName": "Goodwin",
    "email": "felice.runolfsdottir@example.com",
    "password": "3715ixdxq",
    "phone": "754.124.9126",
    "userStatus": 0
}
HTTP/1.1 200 OK
Date: Thu, 23 Jan 2025 15:39:35 GMT
Content-Type: application/json
Transfer-Encoding: chunked
Connection: keep-alive
Access-Control-Allow-Origin: *
Access-Control-Allow-Methods: GET, POST, DELETE, PUT
Access-Control-Allow-Headers: Content-Type, api_key, Authorization
Server: Jetty(9.2.9.v20150224)

{
    "code": 200,
    "type": "unknown",
    "message": "2012993836"
}
{
    "code": 200,
    "type": "unknown",
    "message": "2012993836"
}
Request method:	GET
Request URI:	https://petstore.swagger.io/v2/user/britni.roob
Proxy:			<none>
Request params:	<none>
Query params:	<none>
Form params:	<none>
Path params:	userName=britni.roob
Headers:		Accept=*/*
Cookies:		<none>
Multiparts:		<none>
Body:			<none>
HTTP/1.1 200 OK
Date: Thu, 23 Jan 2025 15:39:35 GMT
Content-Type: application/json
Transfer-Encoding: chunked
Connection: keep-alive
Access-Control-Allow-Origin: *
Access-Control-Allow-Methods: GET, POST, DELETE, PUT
Access-Control-Allow-Headers: Content-Type, api_key, Authorization
Server: Jetty(9.2.9.v20150224)

{
    "code": 200,
    "type": "unknown",
    "message": "2012993836"
}
]]></system-out>
  </testcase>
  <testcase name="deleteUser" classname="api.tests.UserTests" time="1.273">
    <system-out><![CDATA[Request method:	DELETE
Request URI:	https://petstore.swagger.io/v2/user/britni.roob
Proxy:			<none>
Request params:	<none>
Query params:	<none>
Form params:	<none>
Path params:	userName=britni.roob
Headers:		Accept=*/*
Cookies:		<none>
Multiparts:		<none>
Body:			<none>
HTTP/1.1 200 OK
Date: Thu, 23 Jan 2025 15:39:37 GMT
Content-Type: application/json
Transfer-Encoding: chunked
Connection: keep-alive
Access-Control-Allow-Origin: *
Access-Control-Allow-Methods: GET, POST, DELETE, PUT
Access-Control-Allow-Headers: Content-Type, api_key, Authorization
Server: Jetty(9.2.9.v20150224)

{
    "code": 200,
    "type": "unknown",
    "message": "britni.roob"
}
]]></system-out>
  </testcase>
  <testcase name="testPostUser[1, abhijit, Abhijit, Test, 123@test.com, Abhijit@123, 5555555501](1)" classname="api.tests.DDTests" time="1.313">
    <system-out><![CDATA[Request method:	POST
Request URI:	https://petstore.swagger.io/v2/user
Proxy:			<none>
Request params:	<none>
Query params:	<none>
Form params:	<none>
Path params:	<none>
Headers:		Accept=application/JSON
				Content-Type=application/JSON
Cookies:		<none>
Multiparts:		<none>
Body:
{
    "id": 1,
    "username": "abhijit",
    "firstName": "Abhijit",
    "lastName": "Test",
    "email": "123@test.com",
    "password": "Abhijit@123",
    "phone": "5555555501",
    "userStatus": 0
}
]]></system-out>
  </testcase>
  <testcase name="testPostUser[2, abhijit1, Suman, dol, dol@test.com, Suman!123, 5555555502](2)" classname="api.tests.DDTests" time="1.286">
    <system-out><![CDATA[Request method:	POST
Request URI:	https://petstore.swagger.io/v2/user
Proxy:			<none>
Request params:	<none>
Query params:	<none>
Form params:	<none>
Path params:	<none>
Headers:		Accept=application/JSON
				Content-Type=application/JSON
Cookies:		<none>
Multiparts:		<none>
Body:
{
    "id": 2,
    "username": "abhijit1",
    "firstName": "Suman",
    "lastName": "dol",
    "email": "dol@test.com",
    "password": "Suman!123",
    "phone": "5555555502",
    "userStatus": 0
}
]]></system-out>
  </testcase>
  <testcase name="testPostUser[3, abhijit2, Surat, dump, dump@test.com, Surat@123, 5555555503](3)" classname="api.tests.DDTests" time="1.176">
    <system-out><![CDATA[Request method:	POST
Request URI:	https://petstore.swagger.io/v2/user
Proxy:			<none>
Request params:	<none>
Query params:	<none>
Form params:	<none>
Path params:	<none>
Headers:		Accept=application/JSON
				Content-Type=application/JSON
Cookies:		<none>
Multiparts:		<none>
Body:
{
    "id": 3,
    "username": "abhijit2",
    "firstName": "Surat",
    "lastName": "dump",
    "email": "dump@test.com",
    "password": "Surat@123",
    "phone": "5555555503",
    "userStatus": 0
}
]]></system-out>
  </testcase>
  <testcase name="deleteUserByUsername[abhijit](1)" classname="api.tests.DDTests" time="1.22">
    <system-out><![CDATA[Request method:	DELETE
Request URI:	https://petstore.swagger.io/v2/user/abhijit
Proxy:			<none>
Request params:	<none>
Query params:	<none>
Form params:	<none>
Path params:	userName=abhijit
Headers:		Accept=*/*
Cookies:		<none>
Multiparts:		<none>
Body:			<none>
]]></system-out>
  </testcase>
  <testcase name="deleteUserByUsername[abhijit1](2)" classname="api.tests.DDTests" time="1.301">
    <system-out><![CDATA[Request method:	DELETE
Request URI:	https://petstore.swagger.io/v2/user/abhijit1
Proxy:			<none>
Request params:	<none>
Query params:	<none>
Form params:	<none>
Path params:	userName=abhijit1
Headers:		Accept=*/*
Cookies:		<none>
Multiparts:		<none>
Body:			<none>
]]></system-out>
  </testcase>
  <testcase name="deleteUserByUsername[abhijit2](3)" classname="api.tests.DDTests" time="1.358">
    <system-out><![CDATA[Request method:	DELETE
Request URI:	https://petstore.swagger.io/v2/user/abhijit2
Proxy:			<none>
Request params:	<none>
Query params:	<none>
Form params:	<none>
Path params:	userName=abhijit2
Headers:		Accept=*/*
Cookies:		<none>
Multiparts:		<none>
Body:			<none>
]]></system-out>
  </testcase>
</testsuite>